err.log
input.txt
logging.py
normal.log
normal.txt
input: hello

input: world

hello world
hello world
hello world
hello world
hello world
hello world
hello world
hello world
hello world
hello world
hello world
hello world
hello world
hello world
hello world
hello world
hello world
err.log
input.txt
logging.py
normal.log
normal.txt
input: hello

input: world

hello world
hello world
hello world
hello world
hello world
hello world
hello world
hello world
hello world
hello world
err.log
input.txt
logging.py
normal.log
normal.txt
1
2
3
input: hello

input: world

hello world
hello world
hello world
hello world
total 24
drwxrwxr-x 2 chyld chyld 4096 Jun  2 23:50 .
drwxrwxr-x 5 chyld chyld 4096 Jun  2 09:47 ..
-rw-rw-r-- 1 chyld chyld    0 Jun  2 23:51 err.log
-rw-rw-r-- 1 chyld chyld   12 Jun  1 23:17 input.txt
-rw-rw-r-- 1 chyld chyld  236 Jun  2 21:36 logging.py
-rw-rw-r-- 1 chyld chyld  615 Jun  2 23:51 normal.log
-rw-rw-r-- 1 chyld chyld 2500 Jun  2 23:50 normal.txt
1
2
3
input: hello

input: world

hello world
hello world
hello world
hello world
hello world
hello world
hello world
hello world
hello world
hello world
1
2
3
total 24
drwxrwxr-x 2 chyld chyld 4096 Jun  2 23:50 .
drwxrwxr-x 5 chyld chyld 4096 Jun  2 09:47 ..
-rw-rw-r-- 1 chyld chyld    0 Jun  2 23:58 err.log
-rw-rw-r-- 1 chyld chyld   12 Jun  1 23:17 input.txt
-rw-rw-r-- 1 chyld chyld  236 Jun  2 21:36 logging.py
-rw-rw-r-- 1 chyld chyld 1141 Jun  2 23:58 normal.log
-rw-rw-r-- 1 chyld chyld 2500 Jun  2 23:50 normal.txt
input: hello

input: world

hello world
hello world
hello world
hello world
hello world
1
2
3
4
5
6
7
8
9
total 24
drwxrwxr-x 2 chyld chyld 4096 Jun  2 23:50 .
drwxrwxr-x 5 chyld chyld 4096 Jun  2 09:47 ..
-rw-rw-r-- 1 chyld chyld    0 Jun  2 23:58 err.log
-rw-rw-r-- 1 chyld chyld   12 Jun  1 23:17 input.txt
-rw-rw-r-- 1 chyld chyld  236 Jun  2 21:36 logging.py
-rw-rw-r-- 1 chyld chyld 1613 Jun  2 23:58 normal.log
-rw-rw-r-- 1 chyld chyld 2500 Jun  2 23:50 normal.txt
input: hello

input: world

hello world
hello world
hello world
hello world
hello world
hello world
hello world
hello world
hello world
hello world
hello world
hello world
hello world
hello world
hello world
hello world
hello world
hello world
hello world
hello world
hello world
hello world
hello world
hello world
hello world
hello world
hello world
hello world
hello world
hello world
hello world
hello world
hello world
hello world
hello world
hello world
hello world
hello world
hello world
hello world
hello world
hello world
hello world
hello world
hello world
hello world
hello world
hello world
hello world
hello world
hello world
hello world
hello world
hello world
hello world
hello world
hello world
hello world
hello world
hello world
hello world
hello world
hello world
hello world
hello world
hello world
hello world
hello world
hello world
hello world
hello world
hello world
hello world
hello world
hello world
hello world
hello world
hello world
hello world
hello world
hello world
hello world
hello world
hello world
hello world
hello world
hello world
hello world
hello world
hello world
hello world
hello world
hello world
hello world
hello world
hello world
hello world
hello world
hello world
hello world
hello world
hello world
hello world
hello world
hello world
